<?xml version="1.0" encoding="UTF-8"?>
<robot generator="Robot 5.0.1 (Python 3.10.7 on win32)" generated="20221003 14:32:02.562" rpa="false" schemaversion="3">
<suite id="s1" name="01-LoginTests" source="C:\Users\mateu\Downloads\agr_vai\tests\01-LoginTests.robot">
<test id="s1-t1" name="1 - Criar conta e fazer login" line="7">
<kw name="Dado que entro no site usando o navegador chrome" library="GlobalSteps" type="SETUP" sourcename="Dado que entro no site usando o navegador ${BROWSER}">
<kw name="Open Browser" library="SeleniumLibrary">
<arg>https://seubarriga.wcaquino.me/login</arg>
<arg>${BROWSER}</arg>
<doc>Opens a new browser instance to the optional ``url``.</doc>
<msg timestamp="20221003 14:32:03.267" level="INFO">Opening browser 'chrome' to base url 'https://seubarriga.wcaquino.me/login'.</msg>
<status status="PASS" starttime="20221003 14:32:03.266" endtime="20221003 14:32:06.437"/>
</kw>
<kw name="Maximize Browser Window" library="SeleniumLibrary">
<doc>Maximizes current browser window.</doc>
<status status="PASS" starttime="20221003 14:32:06.438" endtime="20221003 14:32:06.574"/>
</kw>
<status status="PASS" starttime="20221003 14:32:03.264" endtime="20221003 14:32:06.575"/>
</kw>
<kw name="Dado que clico para fazer o cadastro" library="LoginSteps">
<kw name="Click Element" library="SeleniumLibrary">
<arg>${Login.BtnSignUp}</arg>
<doc>Click the element identified by ``locator``.</doc>
<msg timestamp="20221003 14:32:06.580" level="INFO">Clicking element '//a[text()='Novo usuário?']'.</msg>
<status status="PASS" starttime="20221003 14:32:06.576" endtime="20221003 14:32:06.944"/>
</kw>
<status status="PASS" starttime="20221003 14:32:06.576" endtime="20221003 14:32:06.944"/>
</kw>
<kw name="Quando preencho o formulario de cadastro" library="LoginSteps">
<kw name="Input Text" library="SeleniumLibrary">
<arg>${Login.NameInput}</arg>
<arg>${name}</arg>
<doc>Types the given ``text`` into the text field identified by ``locator``.</doc>
<msg timestamp="20221003 14:32:06.948" level="INFO">Typing text 'pedro' into text field '//input[@id='nome']'.</msg>
<status status="PASS" starttime="20221003 14:32:06.946" endtime="20221003 14:32:07.121"/>
</kw>
<kw name="Input Text" library="SeleniumLibrary">
<arg>${Login.EmailInput}</arg>
<arg>${email}</arg>
<doc>Types the given ``text`` into the text field identified by ``locator``.</doc>
<msg timestamp="20221003 14:32:07.124" level="INFO">Typing text 'pedro@bola300.com' into text field '//input[@id='email']'.</msg>
<status status="PASS" starttime="20221003 14:32:07.122" endtime="20221003 14:32:07.403"/>
</kw>
<kw name="Input Password" library="SeleniumLibrary">
<arg>${Login.PasswordInput}</arg>
<arg>pedro123</arg>
<doc>Types the given password into the text field identified by ``locator``.</doc>
<msg timestamp="20221003 14:32:07.406" level="INFO">Typing password into text field '//input[@id='senha']'.</msg>
<msg timestamp="20221003 14:32:07.488" level="INFO">Temporally setting log level to: NONE</msg>
<msg timestamp="20221003 14:32:07.581" level="INFO">Log level changed from NONE to INFO.</msg>
<status status="PASS" starttime="20221003 14:32:07.403" endtime="20221003 14:32:07.582"/>
</kw>
<kw name="Click Element" library="SeleniumLibrary">
<arg>${Login.SignUp}</arg>
<doc>Click the element identified by ``locator``.</doc>
<msg timestamp="20221003 14:32:07.585" level="INFO">Clicking element '//input[@value='Cadastrar']'.</msg>
<status status="PASS" starttime="20221003 14:32:07.582" endtime="20221003 14:32:08.249"/>
</kw>
<status status="PASS" starttime="20221003 14:32:06.945" endtime="20221003 14:32:08.251"/>
</kw>
<kw name="E preencho o login" library="LoginSteps">
<kw name="Input Text" library="SeleniumLibrary">
<arg>${Login.EmailInput}</arg>
<arg>${email}</arg>
<doc>Types the given ``text`` into the text field identified by ``locator``.</doc>
<msg timestamp="20221003 14:32:08.261" level="INFO">Typing text 'pedro@bola300.com' into text field '//input[@id='email']'.</msg>
<status status="PASS" starttime="20221003 14:32:08.258" endtime="20221003 14:32:08.447"/>
</kw>
<kw name="Input Password" library="SeleniumLibrary">
<arg>${Login.PasswordInput}</arg>
<arg>pedro123</arg>
<doc>Types the given password into the text field identified by ``locator``.</doc>
<msg timestamp="20221003 14:32:08.450" level="INFO">Typing password into text field '//input[@id='senha']'.</msg>
<msg timestamp="20221003 14:32:08.510" level="INFO">Temporally setting log level to: NONE</msg>
<msg timestamp="20221003 14:32:08.597" level="INFO">Log level changed from NONE to INFO.</msg>
<status status="PASS" starttime="20221003 14:32:08.447" endtime="20221003 14:32:08.597"/>
</kw>
<kw name="Click Element" library="SeleniumLibrary">
<arg>${Login.BtnSignIn}</arg>
<doc>Click the element identified by ``locator``.</doc>
<msg timestamp="20221003 14:32:08.600" level="INFO">Clicking element '//button[text()='Entrar']'.</msg>
<msg timestamp="20221003 14:32:08.901" level="INFO" html="true">&lt;/td&gt;&lt;/tr&gt;&lt;tr&gt;&lt;td colspan="3"&gt;&lt;a href="selenium-screenshot-1.png"&gt;&lt;img src="selenium-screenshot-1.png" width="800px"&gt;&lt;/a&gt;</msg>
<msg timestamp="20221003 14:32:08.903" level="FAIL">Element with locator '//button[text()='Entrar']' not found.</msg>
<status status="FAIL" starttime="20221003 14:32:08.598" endtime="20221003 14:32:08.925"/>
</kw>
<status status="FAIL" starttime="20221003 14:32:08.257" endtime="20221003 14:32:08.927"/>
</kw>
<kw name="Entao faço login com sucesso" library="LoginSteps">
<status status="NOT RUN" starttime="20221003 14:32:08.929" endtime="20221003 14:32:08.929"/>
</kw>
<kw name="Fechar o navegador" library="GlobalSteps" type="TEARDOWN">
<kw name="Close Browser" library="SeleniumLibrary">
<doc>Closes the current browser.</doc>
<status status="PASS" starttime="20221003 14:32:08.932" endtime="20221003 14:32:11.343"/>
</kw>
<status status="PASS" starttime="20221003 14:32:08.931" endtime="20221003 14:32:11.344"/>
</kw>
<status status="FAIL" starttime="20221003 14:32:03.260" endtime="20221003 14:32:11.345">Element with locator '//button[text()='Entrar']' not found.</status>
</test>
<status status="FAIL" starttime="20221003 14:32:02.567" endtime="20221003 14:32:11.349"/>
</suite>
<statistics>
<total>
<stat pass="0" fail="1" skip="0">All Tests</stat>
</total>
<tag>
</tag>
<suite>
<stat pass="0" fail="1" skip="0" id="s1" name="01-LoginTests">01-LoginTests</stat>
</suite>
</statistics>
<errors>
</errors>
</robot>
