<?xml version="1.0" encoding="UTF-8"?>
<robot generator="Robot 5.0.1 (Python 3.10.7 on win32)" generated="20221003 16:52:52.164" rpa="false" schemaversion="3">
<suite id="s1" name="01-LoginTests" source="C:\Users\mateu\Downloads\agr_vai\tests\01-LoginTests.robot">
<test id="s1-t1" name="1 - Criar conta e fazer login" line="7">
<kw name="Dado que entro no site usando o navegador chrome" library="GlobalSteps" type="SETUP" sourcename="Dado que entro no site usando o navegador ${BROWSER}">
<kw name="Open Browser" library="SeleniumLibrary">
<arg>https://seubarriga.wcaquino.me/login</arg>
<arg>${BROWSER}</arg>
<doc>Opens a new browser instance to the optional ``url``.</doc>
<msg timestamp="20221003 16:52:52.720" level="INFO">Opening browser 'chrome' to base url 'https://seubarriga.wcaquino.me/login'.</msg>
<status status="PASS" starttime="20221003 16:52:52.719" endtime="20221003 16:52:56.068"/>
</kw>
<kw name="Maximize Browser Window" library="SeleniumLibrary">
<doc>Maximizes current browser window.</doc>
<status status="PASS" starttime="20221003 16:52:56.068" endtime="20221003 16:52:56.259"/>
</kw>
<status status="PASS" starttime="20221003 16:52:52.719" endtime="20221003 16:52:56.259"/>
</kw>
<kw name="Dado que clico para fazer o cadastro" library="LoginSteps">
<kw name="Click Element" library="SeleniumLibrary">
<arg>${Login.BtnSignUp}</arg>
<doc>Click the element identified by ``locator``.</doc>
<msg timestamp="20221003 16:52:56.265" level="INFO">Clicking element '//a[text()='Novo usuário?']'.</msg>
<status status="PASS" starttime="20221003 16:52:56.263" endtime="20221003 16:52:56.658"/>
</kw>
<status status="PASS" starttime="20221003 16:52:56.262" endtime="20221003 16:52:56.658"/>
</kw>
<kw name="Quando preencho o formulario de cadastro" library="LoginSteps">
<kw name="Input Text" library="SeleniumLibrary">
<arg>${Login.NameInput}</arg>
<arg>${name}</arg>
<doc>Types the given ``text`` into the text field identified by ``locator``.</doc>
<msg timestamp="20221003 16:52:56.664" level="INFO">Typing text 'pedro' into text field '//input[@id='nome']'.</msg>
<status status="PASS" starttime="20221003 16:52:56.661" endtime="20221003 16:52:56.985"/>
</kw>
<kw name="Input Text" library="SeleniumLibrary">
<arg>${Login.EmailInput}</arg>
<arg>${email}</arg>
<doc>Types the given ``text`` into the text field identified by ``locator``.</doc>
<msg timestamp="20221003 16:52:56.989" level="INFO">Typing text 'pedro@bola0.com' into text field '//input[@id='email']'.</msg>
<status status="PASS" starttime="20221003 16:52:56.986" endtime="20221003 16:52:57.243"/>
</kw>
<kw name="Input Password" library="SeleniumLibrary">
<arg>${Login.PasswordInput}</arg>
<arg>pedro123</arg>
<doc>Types the given password into the text field identified by ``locator``.</doc>
<msg timestamp="20221003 16:52:57.246" level="INFO">Typing password into text field '//input[@id='senha']'.</msg>
<msg timestamp="20221003 16:52:57.348" level="INFO">Temporally setting log level to: NONE</msg>
<msg timestamp="20221003 16:52:57.441" level="INFO">Log level changed from NONE to INFO.</msg>
<status status="PASS" starttime="20221003 16:52:57.244" endtime="20221003 16:52:57.442"/>
</kw>
<kw name="Click Element" library="SeleniumLibrary">
<arg>${Login.SignUp}</arg>
<doc>Click the element identified by ``locator``.</doc>
<msg timestamp="20221003 16:52:57.444" level="INFO">Clicking element '//input[@value='Cadastrar']'.</msg>
<status status="PASS" starttime="20221003 16:52:57.442" endtime="20221003 16:52:58.133"/>
</kw>
<status status="PASS" starttime="20221003 16:52:56.659" endtime="20221003 16:52:58.133"/>
</kw>
<kw name="E preencho o login" library="LoginSteps">
<kw name="Input Text" library="SeleniumLibrary">
<arg>${Login.EmailInput}</arg>
<arg>${email}</arg>
<doc>Types the given ``text`` into the text field identified by ``locator``.</doc>
<msg timestamp="20221003 16:52:58.146" level="INFO">Typing text 'pedro@bola0.com' into text field '//input[@id='email']'.</msg>
<status status="PASS" starttime="20221003 16:52:58.144" endtime="20221003 16:52:58.346"/>
</kw>
<kw name="Input Password" library="SeleniumLibrary">
<arg>${Login.PasswordInput}</arg>
<arg>pedro123</arg>
<doc>Types the given password into the text field identified by ``locator``.</doc>
<msg timestamp="20221003 16:52:58.348" level="INFO">Typing password into text field '//input[@id='senha']'.</msg>
<msg timestamp="20221003 16:52:58.419" level="INFO">Temporally setting log level to: NONE</msg>
<msg timestamp="20221003 16:52:58.508" level="INFO">Log level changed from NONE to INFO.</msg>
<status status="PASS" starttime="20221003 16:52:58.346" endtime="20221003 16:52:58.509"/>
</kw>
<kw name="Click Element" library="SeleniumLibrary">
<arg>${Login.BtnSignIn}</arg>
<doc>Click the element identified by ``locator``.</doc>
<msg timestamp="20221003 16:52:58.511" level="INFO">Clicking element '//button[text()='Entrar']'.</msg>
<msg timestamp="20221003 16:52:58.846" level="INFO" html="true">&lt;/td&gt;&lt;/tr&gt;&lt;tr&gt;&lt;td colspan="3"&gt;&lt;a href="selenium-screenshot-1.png"&gt;&lt;img src="selenium-screenshot-1.png" width="800px"&gt;&lt;/a&gt;</msg>
<msg timestamp="20221003 16:52:58.848" level="FAIL">Element with locator '//button[text()='Entrar']' not found.</msg>
<status status="FAIL" starttime="20221003 16:52:58.509" endtime="20221003 16:52:58.854"/>
</kw>
<status status="FAIL" starttime="20221003 16:52:58.143" endtime="20221003 16:52:58.855"/>
</kw>
<kw name="Entao faço login com sucesso" library="LoginSteps">
<status status="NOT RUN" starttime="20221003 16:52:58.857" endtime="20221003 16:52:58.857"/>
</kw>
<kw name="Fechar o navegador" library="GlobalSteps" type="TEARDOWN">
<kw name="Close Browser" library="SeleniumLibrary">
<doc>Closes the current browser.</doc>
<status status="PASS" starttime="20221003 16:52:58.860" endtime="20221003 16:53:01.208"/>
</kw>
<status status="PASS" starttime="20221003 16:52:58.859" endtime="20221003 16:53:01.209"/>
</kw>
<status status="FAIL" starttime="20221003 16:52:52.717" endtime="20221003 16:53:01.209">Element with locator '//button[text()='Entrar']' not found.</status>
</test>
<status status="FAIL" starttime="20221003 16:52:52.167" endtime="20221003 16:53:01.212"/>
</suite>
<statistics>
<total>
<stat pass="0" fail="1" skip="0">All Tests</stat>
</total>
<tag>
</tag>
<suite>
<stat pass="0" fail="1" skip="0" id="s1" name="01-LoginTests">01-LoginTests</stat>
</suite>
</statistics>
<errors>
</errors>
</robot>
