<?xml version="1.0" encoding="UTF-8"?>
<robot generator="Robot 5.0.1 (Python 3.10.6 on win32)" generated="20220929 17:16:25.017" rpa="false" schemaversion="3">
<suite id="s1" name="01-LoginTests" source="C:\qaninja\robot\agr_vai\TestCases\01-LoginTests.robot">
<test id="s1-t1" name="1 - Criar conta e fazer login" line="7">
<kw name="Dado que entro no site usando o navegador chrome" library="GlobalSteps" type="SETUP" sourcename="Dado que entro no site usando o navegador ${BROWSER}">
<kw name="Open Browser" library="SeleniumLibrary">
<arg>https://seubarriga.wcaquino.me/login</arg>
<arg>${BROWSER}</arg>
<doc>Opens a new browser instance to the optional ``url``.</doc>
<msg timestamp="20220929 17:16:25.509" level="INFO">Opening browser 'chrome' to base url 'https://seubarriga.wcaquino.me/login'.</msg>
<status status="PASS" starttime="20220929 17:16:25.508" endtime="20220929 17:16:29.755"/>
</kw>
<kw name="Maximize Browser Window" library="SeleniumLibrary">
<doc>Maximizes current browser window.</doc>
<status status="PASS" starttime="20220929 17:16:29.755" endtime="20220929 17:16:30.215"/>
</kw>
<status status="PASS" starttime="20220929 17:16:25.507" endtime="20220929 17:16:30.216"/>
</kw>
<kw name="Dado que clico para fazer o cadastro" library="LoginSteps">
<kw name="Click Element" library="SeleniumLibrary">
<arg>${Login.BtnSignUp}</arg>
<doc>Click the element identified by ``locator``.</doc>
<msg timestamp="20220929 17:16:30.266" level="INFO">Clicking element '//a[text()='Novo usuário?']'.</msg>
<status status="PASS" starttime="20220929 17:16:30.265" endtime="20220929 17:16:30.781"/>
</kw>
<status status="PASS" starttime="20220929 17:16:30.264" endtime="20220929 17:16:30.781"/>
</kw>
<kw name="Quando preencho o formulario de cadastro" library="LoginSteps">
<kw name="Input Text" library="SeleniumLibrary">
<arg>${Login.NameInput}</arg>
<arg>${name}</arg>
<doc>Types the given ``text`` into the text field identified by ``locator``.</doc>
<msg timestamp="20220929 17:16:30.792" level="INFO">Typing text 'pedro' into text field '//input[@id='nome']'.</msg>
<status status="PASS" starttime="20220929 17:16:30.790" endtime="20220929 17:16:30.977"/>
</kw>
<kw name="Input Text" library="SeleniumLibrary">
<arg>${Login.EmailInput}</arg>
<arg>${email}</arg>
<doc>Types the given ``text`` into the text field identified by ``locator``.</doc>
<msg timestamp="20220929 17:16:30.979" level="INFO">Typing text 'pedro@bola483.com' into text field '//input[@id='email']'.</msg>
<status status="PASS" starttime="20220929 17:16:30.977" endtime="20220929 17:16:31.215"/>
</kw>
<kw name="Input Password" library="SeleniumLibrary">
<arg>${Login.PasswordInput}</arg>
<arg>pedro123</arg>
<doc>Types the given password into the text field identified by ``locator``.</doc>
<msg timestamp="20220929 17:16:31.217" level="INFO">Typing password into text field '//input[@id='senha']'.</msg>
<msg timestamp="20220929 17:16:31.297" level="INFO">Temporally setting log level to: NONE</msg>
<msg timestamp="20220929 17:16:31.393" level="INFO">Log level changed from NONE to INFO.</msg>
<status status="PASS" starttime="20220929 17:16:31.215" endtime="20220929 17:16:31.393"/>
</kw>
<kw name="Click Element" library="SeleniumLibrary">
<arg>${Login.SignUp}</arg>
<doc>Click the element identified by ``locator``.</doc>
<msg timestamp="20220929 17:16:31.395" level="INFO">Clicking element '//input[@value='Cadastrar']'.</msg>
<status status="PASS" starttime="20220929 17:16:31.394" endtime="20220929 17:16:32.053"/>
</kw>
<status status="PASS" starttime="20220929 17:16:30.788" endtime="20220929 17:16:32.055"/>
</kw>
<kw name="E preencho o login" library="LoginSteps">
<kw name="Input Text" library="SeleniumLibrary">
<arg>${Login.EmailInput}</arg>
<arg>${email}</arg>
<doc>Types the given ``text`` into the text field identified by ``locator``.</doc>
<msg timestamp="20220929 17:16:32.065" level="INFO">Typing text 'pedro@bola483.com' into text field '//input[@id='email']'.</msg>
<status status="PASS" starttime="20220929 17:16:32.063" endtime="20220929 17:16:32.265"/>
</kw>
<kw name="Input Password" library="SeleniumLibrary">
<arg>${Login.PasswordInput}</arg>
<arg>pedro123</arg>
<doc>Types the given password into the text field identified by ``locator``.</doc>
<msg timestamp="20220929 17:16:32.268" level="INFO">Typing password into text field '//input[@id='senha']'.</msg>
<msg timestamp="20220929 17:16:32.334" level="INFO">Temporally setting log level to: NONE</msg>
<msg timestamp="20220929 17:16:32.449" level="INFO">Log level changed from NONE to INFO.</msg>
<status status="PASS" starttime="20220929 17:16:32.265" endtime="20220929 17:16:32.450"/>
</kw>
<kw name="Click Element" library="SeleniumLibrary">
<arg>${Login.BtnSignIn}</arg>
<doc>Click the element identified by ``locator``.</doc>
<msg timestamp="20220929 17:16:32.452" level="INFO">Clicking element '//button[text()='Entrar']'.</msg>
<status status="PASS" starttime="20220929 17:16:32.450" endtime="20220929 17:16:33.101"/>
</kw>
<status status="PASS" starttime="20220929 17:16:32.062" endtime="20220929 17:16:33.102"/>
</kw>
<kw name="Entao faço login com sucesso" library="LoginSteps">
<kw name="Page Should Contain Element" library="SeleniumLibrary">
<arg>//div[text()='Bem vindo, ${name}!']</arg>
<doc>Verifies that element ``locator`` is found on the current page.</doc>
<msg timestamp="20220929 17:16:33.146" level="INFO">Current page contains element '//div[text()='Bem vindo, pedro!']'.</msg>
<status status="PASS" starttime="20220929 17:16:33.110" endtime="20220929 17:16:33.147"/>
</kw>
<status status="PASS" starttime="20220929 17:16:33.109" endtime="20220929 17:16:33.147"/>
</kw>
<kw name="Fechar o navegador" library="GlobalSteps" type="TEARDOWN">
<kw name="Close Browser" library="SeleniumLibrary">
<doc>Closes the current browser.</doc>
<status status="PASS" starttime="20220929 17:16:33.154" endtime="20220929 17:16:35.925"/>
</kw>
<status status="PASS" starttime="20220929 17:16:33.153" endtime="20220929 17:16:35.925"/>
</kw>
<status status="PASS" starttime="20220929 17:16:25.506" endtime="20220929 17:16:35.926"/>
</test>
<status status="PASS" starttime="20220929 17:16:25.020" endtime="20220929 17:16:35.929"/>
</suite>
<statistics>
<total>
<stat pass="1" fail="0" skip="0">All Tests</stat>
</total>
<tag>
</tag>
<suite>
<stat pass="1" fail="0" skip="0" id="s1" name="01-LoginTests">01-LoginTests</stat>
</suite>
</statistics>
<errors>
</errors>
</robot>
